0 info it worked if it ends with ok
1 verbose cli [ 'C:\\Program Files\\nodejs\\node.exe',
1 verbose cli   'C:\\Program Files\\nodejs\\node_modules\\npm\\bin\\npm-cli.js',
1 verbose cli   'run',
1 verbose cli   'npm-check' ]
2 info using npm@3.10.10
3 info using node@v6.10.1
4 verbose run-script [ 'prenpm-check', 'npm-check', 'postnpm-check' ]
5 info lifecycle react-webpack-starter@2.0.0~prenpm-check: react-webpack-starter@2.0.0
6 silly lifecycle react-webpack-starter@2.0.0~prenpm-check: no script for prenpm-check, continuing
7 info lifecycle react-webpack-starter@2.0.0~npm-check: react-webpack-starter@2.0.0
8 verbose lifecycle react-webpack-starter@2.0.0~npm-check: unsafe-perm in lifecycle true
9 verbose lifecycle react-webpack-starter@2.0.0~npm-check: PATH: C:\Program Files\nodejs\node_modules\npm\bin\node-gyp-bin;D:\Js\phonebook\node_modules\.bin;C:\Ruby23-x64\bin;C:\ProgramData\Oracle\Java\javapath;D:\app\client\grebenev\product\12.1.0\client_1\bin;C:\Windows\system32;C:\Windows;C:\Windows\System32\Wbem;C:\Windows\System32\WindowsPowerShell\v1.0\;C:\Windows\sysWOW64;C:\Windows\idmu\common;C:\Windows\System32\WindowsPowerShell\v1.0\;C:\Program Files (x86)\Skype\Phone\;C:\Program Files\Git\cmd;C:\Program Files\nodejs\;C:\Users\grebenev\AppData\Roaming\npm
10 verbose lifecycle react-webpack-starter@2.0.0~npm-check: CWD: D:\Js\phonebook
11 silly lifecycle react-webpack-starter@2.0.0~npm-check: Args: [ '/d /s /c', 'npm-check --skip-unused' ]
12 silly lifecycle react-webpack-starter@2.0.0~npm-check: Returned: code: 1  signal: null
13 info lifecycle react-webpack-starter@2.0.0~npm-check: Failed to exec npm-check script
14 verbose stack Error: react-webpack-starter@2.0.0 npm-check: `npm-check --skip-unused`
14 verbose stack Exit status 1
14 verbose stack     at EventEmitter.<anonymous> (C:\Program Files\nodejs\node_modules\npm\lib\utils\lifecycle.js:255:16)
14 verbose stack     at emitTwo (events.js:106:13)
14 verbose stack     at EventEmitter.emit (events.js:191:7)
14 verbose stack     at ChildProcess.<anonymous> (C:\Program Files\nodejs\node_modules\npm\lib\utils\spawn.js:40:14)
14 verbose stack     at emitTwo (events.js:106:13)
14 verbose stack     at ChildProcess.emit (events.js:191:7)
14 verbose stack     at maybeClose (internal/child_process.js:886:16)
14 verbose stack     at Process.ChildProcess._handle.onexit (internal/child_process.js:226:5)
15 verbose pkgid react-webpack-starter@2.0.0
16 verbose cwd D:\Js\phonebook
17 error Windows_NT 6.1.7601
18 error argv "C:\\Program Files\\nodejs\\node.exe" "C:\\Program Files\\nodejs\\node_modules\\npm\\bin\\npm-cli.js" "run" "npm-check"
19 error node v6.10.1
20 error npm  v3.10.10
21 error code ELIFECYCLE
22 error react-webpack-starter@2.0.0 npm-check: `npm-check --skip-unused`
22 error Exit status 1
23 error Failed at the react-webpack-starter@2.0.0 npm-check script 'npm-check --skip-unused'.
23 error Make sure you have the latest version of node.js and npm installed.
23 error If you do, this is most likely a problem with the react-webpack-starter package,
23 error not with npm itself.
23 error Tell the author that this fails on your system:
23 error     npm-check --skip-unused
23 error You can get information on how to open an issue for this project with:
23 error     npm bugs react-webpack-starter
23 error Or if that isn't available, you can get their info via:
23 error     npm owner ls react-webpack-starter
23 error There is likely additional logging output above.
24 verbose exit [ 1, true ]
